C:\Program Files\Microsoft Visual Studio\2022\Community\MSBuild\Microsoft\VC\v170\Microsoft.CppBuild.targets(531,5): warning MSB8028: The intermediate directory (x64\Debug\) contains files shared from another project (TiemEngine.vcxproj).  This can lead to incorrect clean and rebuild behavior.
  CombineObject.cpp
  DrawableObject.cpp
  GameEngine.cpp
C:\Capt\KrillKrewEngine\KrillKrew\KrillEngine\KrillEngine\DrawableObject.h(2,10): error C1083: Cannot open include file: 'glm.hpp': No such file or directory
  (compiling source file 'CombineObject.cpp')
  
C:\Capt\KrillKrewEngine\KrillKrew\KrillEngine\KrillEngine\DrawableObject.h(2,10): error C1083: Cannot open include file: 'glm.hpp': No such file or directory
  (compiling source file 'DrawableObject.cpp')
  
C:\Capt\KrillKrewEngine\KrillKrew\KrillEngine\KrillEngine\DrawableObject.h(2,10): error C1083: Cannot open include file: 'glm.hpp': No such file or directory
  (compiling source file 'GameEngine.cpp')
  
  GameObject.cpp
C:\Capt\KrillKrewEngine\KrillKrew\KrillEngine\KrillEngine\DrawableObject.h(2,10): error C1083: Cannot open include file: 'glm.hpp': No such file or directory
  (compiling source file 'GameObject.cpp')
  
  LevelGameplay.cpp
C:\Capt\KrillKrewEngine\KrillKrew\KrillEngine\KrillEngine\DrawableObject.h(2,10): error C1083: Cannot open include file: 'glm.hpp': No such file or directory
  (compiling source file 'LevelGameplay.cpp')
  
  LevelGameplay.h
C:\Capt\KrillKrewEngine\KrillKrew\KrillEngine\KrillEngine\DrawableObject.h(2,10): error C1083: Cannot open include file: 'glm.hpp': No such file or directory
  (compiling source file 'LevelGameplay.h')
  
  GameStateController.cpp
C:\Capt\KrillKrewEngine\KrillKrew\KrillEngine\KrillEngine\DrawableObject.h(2,10): error C1083: Cannot open include file: 'glm.hpp': No such file or directory
  (compiling source file 'GameStateController.cpp')
  
  GLRenderer.cpp
C:\Capt\KrillKrewEngine\KrillKrew\KrillEngine\KrillEngine\GLRenderer.h(4,10): error C1083: Cannot open include file: 'GL\glew.h': No such file or directory
  (compiling source file 'GLRenderer.cpp')
  
  ImageObject.cpp
C:\Capt\KrillKrewEngine\KrillKrew\KrillEngine\KrillEngine\DrawableObject.h(2,10): error C1083: Cannot open include file: 'glm.hpp': No such file or directory
  (compiling source file 'ImageObject.cpp')
  
  Level.cpp
C:\Capt\KrillKrewEngine\KrillKrew\KrillEngine\KrillEngine\DrawableObject.h(2,10): error C1083: Cannot open include file: 'glm.hpp': No such file or directory
  (compiling source file 'Level.cpp')
  
  LevelTest.cpp
C:\Capt\KrillKrewEngine\KrillKrew\KrillEngine\KrillEngine\DrawableObject.h(2,10): error C1083: Cannot open include file: 'glm.hpp': No such file or directory
  (compiling source file 'LevelTest.cpp')
  
  Main.cpp
C:\Capt\KrillKrewEngine\KrillKrew\KrillEngine\KrillEngine\Main.cpp(4,10): error C1083: Cannot open include file: 'GL/glew.h': No such file or directory
  MeshVbo.cpp
C:\Capt\KrillKrewEngine\KrillKrew\KrillEngine\KrillEngine\MeshVbo.h(3,10): error C1083: Cannot open include file: 'GL\glew.h': No such file or directory
  (compiling source file 'MeshVbo.cpp')
  
  pch.cpp
  Shader.cpp
C:\Capt\KrillKrewEngine\KrillKrew\KrillEngine\KrillEngine\Shader.h(4,10): error C1083: Cannot open include file: 'GL\glew.h': No such file or directory
  (compiling source file 'Shader.cpp')
  
  SquareMeshVbo.cpp
C:\Capt\KrillKrewEngine\KrillKrew\KrillEngine\KrillEngine\MeshVbo.h(3,10): error C1083: Cannot open include file: 'GL\glew.h': No such file or directory
  (compiling source file 'SquareMeshVbo.cpp')
  
  TriangleMeshVbo.cpp
C:\Capt\KrillKrewEngine\KrillKrew\KrillEngine\KrillEngine\MeshVbo.h(3,10): error C1083: Cannot open include file: 'GL\glew.h': No such file or directory
  (compiling source file 'TriangleMeshVbo.cpp')
  
  Generating Code...
