  CombineObject.cpp
C:\Users\ddctl\Downloads\TiemEngine_2024\TiemEngine_2024\TiemEngine\DrawableObject.h(2,10): error C1083: Cannot open include file: 'glm.hpp': No such file or directory
  DrawableObject.cpp
C:\Users\ddctl\Downloads\TiemEngine_2024\TiemEngine_2024\TiemEngine\DrawableObject.h(2,10): error C1083: Cannot open include file: 'glm.hpp': No such file or directory
  GameEngine.cpp
C:\Users\ddctl\Downloads\TiemEngine_2024\TiemEngine_2024\TiemEngine\DrawableObject.h(2,10): error C1083: Cannot open include file: 'glm.hpp': No such file or directory
  GameObject.cpp
C:\Users\ddctl\Downloads\TiemEngine_2024\TiemEngine_2024\TiemEngine\DrawableObject.h(2,10): error C1083: Cannot open include file: 'glm.hpp': No such file or directory
  GameStateController.cpp
C:\Users\ddctl\Downloads\TiemEngine_2024\TiemEngine_2024\TiemEngine\DrawableObject.h(2,10): error C1083: Cannot open include file: 'glm.hpp': No such file or directory
  GLRenderer.cpp
C:\Users\ddctl\Downloads\TiemEngine_2024\TiemEngine_2024\TiemEngine\GLRenderer.h(4,10): error C1083: Cannot open include file: 'GL\glew.h': No such file or directory
  ImageObject.cpp
C:\Users\ddctl\Downloads\TiemEngine_2024\TiemEngine_2024\TiemEngine\DrawableObject.h(2,10): error C1083: Cannot open include file: 'glm.hpp': No such file or directory
  Level.cpp
C:\Users\ddctl\Downloads\TiemEngine_2024\TiemEngine_2024\TiemEngine\DrawableObject.h(2,10): error C1083: Cannot open include file: 'glm.hpp': No such file or directory
  LevelTest.cpp
C:\Users\ddctl\Downloads\TiemEngine_2024\TiemEngine_2024\TiemEngine\DrawableObject.h(2,10): error C1083: Cannot open include file: 'glm.hpp': No such file or directory
  Main.cpp
C:\Users\ddctl\Downloads\TiemEngine_2024\TiemEngine_2024\TiemEngine\Main.cpp(4,10): error C1083: Cannot open include file: 'GL/glew.h': No such file or directory
  MeshVbo.cpp
C:\Users\ddctl\Downloads\TiemEngine_2024\TiemEngine_2024\TiemEngine\MeshVbo.h(3,10): error C1083: Cannot open include file: 'GL\glew.h': No such file or directory
  Shader.cpp
C:\Users\ddctl\Downloads\TiemEngine_2024\TiemEngine_2024\TiemEngine\Shader.h(4,10): error C1083: Cannot open include file: 'GL\glew.h': No such file or directory
  SquareMeshVbo.cpp
C:\Users\ddctl\Downloads\TiemEngine_2024\TiemEngine_2024\TiemEngine\MeshVbo.h(3,10): error C1083: Cannot open include file: 'GL\glew.h': No such file or directory
  TriangleMeshVbo.cpp
C:\Users\ddctl\Downloads\TiemEngine_2024\TiemEngine_2024\TiemEngine\MeshVbo.h(3,10): error C1083: Cannot open include file: 'GL\glew.h': No such file or directory
  Generating Code...
