c:\users\admin\desktop\krillkrewengine\krillkrew\krillengine\krillengine\debug\vc143.pdb
c:\users\admin\desktop\krillkrewengine\krillkrew\krillengine\krillengine\debug\vc143.idb
c:\users\admin\desktop\krillkrewengine\krillkrew\krillengine\krillengine\debug\trianglemeshvbo.obj
c:\users\admin\desktop\krillkrewengine\krillkrew\krillengine\krillengine\debug\tilemeshvbo.obj
c:\users\admin\desktop\krillkrewengine\krillkrew\krillengine\krillengine\debug\squaremeshvbo.obj
c:\users\admin\desktop\krillkrewengine\krillkrew\krillengine\krillengine\debug\shader.obj
c:\users\admin\desktop\krillkrewengine\krillkrew\krillengine\krillengine\debug\pch.obj
c:\users\admin\desktop\krillkrewengine\krillkrew\krillengine\krillengine\debug\meshvbo.obj
c:\users\admin\desktop\krillkrewengine\krillkrew\krillengine\krillengine\debug\main.obj
c:\users\admin\desktop\krillkrewengine\krillkrew\krillengine\krillengine\debug\leveltest.obj
c:\users\admin\desktop\krillkrewengine\krillkrew\krillengine\krillengine\debug\levelmaptest.obj
c:\users\admin\desktop\krillkrewengine\krillkrew\krillengine\krillengine\debug\level.obj
c:\users\admin\desktop\krillkrewengine\krillkrew\krillengine\krillengine\debug\imageobject.obj
c:\users\admin\desktop\krillkrewengine\krillkrew\krillengine\krillengine\debug\glrenderer.obj
c:\users\admin\desktop\krillkrewengine\krillkrew\krillengine\krillengine\debug\gamestatecontroller.obj
c:\users\admin\desktop\krillkrewengine\krillkrew\krillengine\krillengine\debug\levelgameplay.obj
c:\users\admin\desktop\krillkrewengine\krillkrew\krillengine\krillengine\debug\gameobject.obj
c:\users\admin\desktop\krillkrewengine\krillkrew\krillengine\krillengine\debug\gameengine.obj
c:\users\admin\desktop\krillkrewengine\krillkrew\krillengine\krillengine\debug\drawableobject.obj
c:\users\admin\desktop\krillkrewengine\krillkrew\krillengine\krillengine\debug\combineobject.obj
c:\users\admin\desktop\krillkrewengine\krillkrew\krillengine\krillengine\debug\camera.obj
c:\users\admin\desktop\krillkrewengine\krillkrew\krillengine\debug\krillengine.lib
c:\users\admin\desktop\krillkrewengine\krillkrew\krillengine\debug\krillengine.exp
c:\users\admin\desktop\krillkrewengine\krillkrew\krillengine\krillengine\debug\game.obj
c:\users\admin\desktop\krillkrewengine\krillkrew\krillengine\krillengine\debug\gamedata.obj
c:\users\admin\desktop\krillkrewengine\krillkrew\krillengine\krillengine\debug\gameplayscene.obj
c:\users\admin\desktop\krillkrewengine\krillkrew\krillengine\krillengine\debug\krillengine.obj
c:\users\admin\desktop\krillkrewengine\krillkrew\krillengine\krillengine\debug\tiemengine.ilk
c:\users\admin\desktop\krillkrewengine\krillkrew\krillengine\krillengine\debug\vc141.idb
c:\users\admin\desktop\krillkrewengine\krillkrew\krillengine\krillengine\debug\vc142.idb
c:\users\admin\desktop\krillkrewengine\krillkrew\krillengine\krillengine\debug\vc141.pdb
c:\users\admin\desktop\krillkrewengine\krillkrew\krillengine\krillengine\debug\vc142.pdb
c:\users\admin\desktop\krillkrewengine\krillkrew\krillengine\debug\krillengine.pdb
c:\users\admin\desktop\krillkrewengine\krillkrew\krillengine\krillengine\debug\krillengine.tlog\cl.command.1.tlog
c:\users\admin\desktop\krillkrewengine\krillkrew\krillengine\krillengine\debug\krillengine.tlog\cl.items.tlog
c:\users\admin\desktop\krillkrewengine\krillkrew\krillengine\krillengine\debug\krillengine.tlog\cl.read.1.tlog
c:\users\admin\desktop\krillkrewengine\krillkrew\krillengine\krillengine\debug\krillengine.tlog\cl.write.1.tlog
c:\users\admin\desktop\krillkrewengine\krillkrew\krillengine\krillengine\debug\krillengine.tlog\krillengine.write.1u.tlog
c:\users\admin\desktop\krillkrewengine\krillkrew\krillengine\krillengine\debug\krillengine.tlog\link-cvtres.read.1.tlog
c:\users\admin\desktop\krillkrewengine\krillkrew\krillengine\krillengine\debug\krillengine.tlog\link-cvtres.write.1.tlog
c:\users\admin\desktop\krillkrewengine\krillkrew\krillengine\krillengine\debug\krillengine.tlog\link-rc.read.1.tlog
c:\users\admin\desktop\krillkrewengine\krillkrew\krillengine\krillengine\debug\krillengine.tlog\link-rc.write.1.tlog
c:\users\admin\desktop\krillkrewengine\krillkrew\krillengine\krillengine\debug\krillengine.tlog\link.25952-cvtres.read.1.tlog
c:\users\admin\desktop\krillkrewengine\krillkrew\krillengine\krillengine\debug\krillengine.tlog\link.25952-cvtres.write.1.tlog
c:\users\admin\desktop\krillkrewengine\krillkrew\krillengine\krillengine\debug\krillengine.tlog\link.25952-rc.read.1.tlog
c:\users\admin\desktop\krillkrewengine\krillkrew\krillengine\krillengine\debug\krillengine.tlog\link.25952-rc.write.1.tlog
c:\users\admin\desktop\krillkrewengine\krillkrew\krillengine\krillengine\debug\krillengine.tlog\link.25952.read.1.tlog
c:\users\admin\desktop\krillkrewengine\krillkrew\krillengine\krillengine\debug\krillengine.tlog\link.25952.write.1.tlog
c:\users\admin\desktop\krillkrewengine\krillkrew\krillengine\krillengine\debug\krillengine.tlog\link.command.1.tlog
c:\users\admin\desktop\krillkrewengine\krillkrew\krillengine\krillengine\debug\krillengine.tlog\link.read.1.tlog
c:\users\admin\desktop\krillkrewengine\krillkrew\krillengine\krillengine\debug\krillengine.tlog\link.secondary.1.tlog
c:\users\admin\desktop\krillkrewengine\krillkrew\krillengine\krillengine\debug\krillengine.tlog\link.write.1.tlog
